10:42:40: Creating resource group General
10:42:40: Creating resource group Internal
10:42:40: Creating resource group Autodetect
10:42:40: SceneManagerFactory for type 'DefaultSceneManager' registered.
10:42:40: Registering ResourceManager for type Material
10:42:40: Registering ResourceManager for type Mesh
10:42:40: Registering ResourceManager for type Mesh2
10:42:40: Registering ResourceManager for type OldSkeleton
10:42:40: MovableObjectFactory for type 'ParticleSystem' registered.
10:42:40: ArchiveFactory for archive type FileSystem registered.
10:42:40: ArchiveFactory for archive type Zip registered.
10:42:40: ArchiveFactory for archive type EmbeddedZip registered.
10:42:40: DDS codec registering
10:42:40: FreeImage version: 3.17.0
10:42:40: This program uses FreeImage, a free, open source image library supporting all common bitmap formats. See http://freeimage.sourceforge.net for details
10:42:40: Supported formats: bmp,ico,jpg,jif,jpeg,jpe,jng,koa,iff,lbm,mng,pbm,pbm,pcd,pcx,pgm,pgm,png,ppm,ppm,ras,tga,targa,tif,tiff,wap,wbmp,wbm,psd,cut,xbm,xpm,gif,hdr,sgi,rgb,rgba,bw,exr,j2k,j2c,jp2,pfm,pct,pict,pic,3fr,arw,bay,bmq,cap,cine,cr2,crw,cs1,dc2,dcr,drf,dsc,dng,erf,fff,ia,iiq,k25,kc2,kdc,mdc,mef,mos,mrw,nef,nrw,orf,pef,ptx,pxn,qtk,raf,raw,rdc,rw2,rwl,rwz,sr2,srf,srw,sti,x3f,webp,jxr,wdp,hdp
10:42:40: ETC codec registering
10:42:40: OITD codec registering
10:42:40: Registering ResourceManager for type HighLevelGpuProgram
10:42:40: MovableObjectFactory for type 'Entity' registered.
10:42:40: MovableObjectFactory for type 'Item' registered.
10:42:40: MovableObjectFactory for type 'Light' registered.
10:42:40: MovableObjectFactory for type 'BillboardSet' registered.
10:42:40: MovableObjectFactory for type 'ManualObject2' registered.
10:42:40: MovableObjectFactory for type 'BillboardChain' registered.
10:42:40: MovableObjectFactory for type 'RibbonTrail' registered.
10:42:40: MovableObjectFactory for type 'WireAabb' registered.
10:42:40: OGRE EXCEPTION(6:FileNotFoundException): 'plugins_d.cfg' file not found! in ConfigFile::load at /home/marvin/lib/ogre/OgreMain/src/OgreConfigFile.cpp (line 88)
10:42:40: plugins_d.cfg not found, automatic plugin loading disabled.
10:42:40: *-*-* OGRE Initialising
10:42:40: *-*-* Version 2.1.0unstable ('B')
10:42:40: OGRE EXCEPTION(6:FileNotFoundException): 'ogre.cfg' file not found! in ConfigFile::load at /home/marvin/lib/ogre/OgreMain/src/OgreConfigFile.cpp (line 88)
